Copyright 1986-2022 Xilinx, Inc. All Rights Reserved.
------------------------------------------------------------------------------------
| Tool Version : Vivado v.2022.2 (win64) Build 3671981 Fri Oct 14 05:00:03 MDT 2022
| Date         : Tue Sep 26 19:52:32 2023
| Host         : LAPTOP-9G4PBER8 running 64-bit major release  (build 9200)
| Command      : report_control_sets -verbose -file top_control_sets_placed.rpt
| Design       : top
| Device       : xc7a35ti
------------------------------------------------------------------------------------

Control Set Information

Table of Contents
-----------------
1. Summary
2. Histogram
3. Flip-Flop Distribution
4. Detailed Control Set Information

1. Summary
----------

+----------------------------------------------------------+-------+
|                          Status                          | Count |
+----------------------------------------------------------+-------+
| Total control sets                                       |    13 |
|    Minimum number of control sets                        |    13 |
|    Addition due to synthesis replication                 |     0 |
|    Addition due to physical synthesis replication        |     0 |
| Unused register locations in slices containing registers |    63 |
+----------------------------------------------------------+-------+
* Control sets can be merged at opt_design using control_set_merge or merge_equivalent_drivers
** Run report_qor_suggestions for automated merging and remapping suggestions


2. Histogram
------------

+--------------------+-------+
|       Fanout       | Count |
+--------------------+-------+
| Total control sets |    13 |
| >= 0 to < 4        |     4 |
| >= 4 to < 6        |     1 |
| >= 6 to < 8        |     1 |
| >= 8 to < 10       |     2 |
| >= 10 to < 12      |     0 |
| >= 12 to < 14      |     0 |
| >= 14 to < 16      |     0 |
| >= 16              |     5 |
+--------------------+-------+
* Control sets can be remapped at either synth_design or opt_design


3. Flip-Flop Distribution
-------------------------

+--------------+-----------------------+------------------------+-----------------+--------------+
| Clock Enable | Synchronous Set/Reset | Asynchronous Set/Reset | Total Registers | Total Slices |
+--------------+-----------------------+------------------------+-----------------+--------------+
| No           | No                    | No                     |               7 |            6 |
| No           | No                    | Yes                    |              15 |            5 |
| No           | Yes                   | No                     |              55 |           17 |
| Yes          | No                    | No                     |               7 |            2 |
| Yes          | No                    | Yes                    |               9 |            4 |
| Yes          | Yes                   | No                     |              60 |           15 |
+--------------+-----------------------+------------------------+-----------------+--------------+


4. Detailed Control Set Information
-----------------------------------

+----------------------------------+---------------------------------+-------------------------------------+------------------+----------------+--------------+
|           Clock Signal           |          Enable Signal          |           Set/Reset Signal          | Slice Load Count | Bel Load Count | Bels / Slice |
+----------------------------------+---------------------------------+-------------------------------------+------------------+----------------+--------------+
|  DBC_OFF/out_reg_1               |                                 | CONTROL/rPedestrian_reg_i_3_n_0     |                1 |              1 |         1.00 |
|  CONTROL/Soundctrl_reg_i_2_n_0   |                                 | CONTROL/Soundctrl_reg_i_3_n_0       |                1 |              1 |         1.00 |
|  CONTROL/outLight_reg[2]_i_2_n_0 |                                 |                                     |                2 |              3 |         1.50 |
|  CONTROL/outLight_reg[2]_i_2_n_0 |                                 | BLINKER/rPedestrian1                |                1 |              3 |         3.00 |
|  sysClk_IBUF_BUFG                |                                 |                                     |                4 |              4 |         1.00 |
|  sysClk_IBUF_BUFG                | LIGHT/rMask_n_0                 |                                     |                2 |              7 |         3.50 |
|  BLINKER/O13[0]                  |                                 | CONTROL/rTimer[8]_i_2_n_0           |                3 |              9 |         3.00 |
|  BLINKER/O13[0]                  | CONTROL/outLight_reg[2]_i_2_n_0 | BLINKER/rPedestrian1                |                4 |              9 |         2.25 |
|  sysClk_IBUF_BUFG                |                                 | SOUND/rCount[0]_i_1_n_0             |                5 |             20 |         4.00 |
|  sysClk_IBUF_BUFG                | DBC_OFF/rCount[0]_i_2__2_n_0    | DBC_OFF/rCount[0]_i_1__2_n_0        |                5 |             20 |         4.00 |
|  sysClk_IBUF_BUFG                | DBC_PEDESTRIAN/sel              | DBC_PEDESTRIAN/rCount[0]_i_1__0_n_0 |                5 |             20 |         4.00 |
|  sysClk_IBUF_BUFG                | DBC_MODE/rCount[0]_i_2__1_n_0   | DBC_MODE/rCount[0]_i_1__1_n_0       |                5 |             20 |         4.00 |
|  sysClk_IBUF_BUFG                |                                 | BLINKER/rPedestrian1                |               11 |             36 |         3.27 |
+----------------------------------+---------------------------------+-------------------------------------+------------------+----------------+--------------+


